2024-06-08 09:35:51 [main] INFO  c.e.c.ChatSystemBiciApplication - Starting ChatSystemBiciApplication using Java 21.0.3 with PID 17518 (/Users/leandrocostamagalhaessilva/Documents/Projetos Java/chat-system-bici/target/classes started by leandrocostamagalhaessilva in /Users/leandrocostamagalhaessilva/Documents/Projetos Java/chat-system-bici)
2024-06-08 09:35:51 [main] DEBUG c.e.c.ChatSystemBiciApplication - Running with Spring Boot v3.3.0, Spring v6.1.8
2024-06-08 09:35:51 [main] INFO  c.e.c.ChatSystemBiciApplication - No active profile set, falling back to 1 default profile: "default"
2024-06-08 09:35:53 [main] WARN  o.s.c.s.PostProcessorRegistrationDelegate$BeanPostProcessorChecker - Bean 'org.springframework.ws.config.annotation.DelegatingWsConfiguration' of type [org.springframework.ws.config.annotation.DelegatingWsConfiguration$$SpringCGLIB$$0] is not eligible for getting processed by all BeanPostProcessors (for example: not eligible for auto-proxying). The currently created BeanPostProcessor [annotationActionEndpointMapping] is declared through a non-static factory method on that class; consider declaring it as static instead.
2024-06-08 09:35:53 [main] INFO  o.s.w.s.a.s.AnnotationActionEndpointMapping - Supporting [WS-Addressing August 2004, WS-Addressing 1.0]
2024-06-08 09:35:53 [main] INFO  o.s.b.w.e.tomcat.TomcatWebServer - Tomcat initialized with port 8086 (http)
2024-06-08 09:35:53 [main] INFO  o.a.catalina.core.StandardService - Starting service [Tomcat]
2024-06-08 09:35:53 [main] INFO  o.a.catalina.core.StandardEngine - Starting Servlet engine: [Apache Tomcat/10.1.24]
2024-06-08 09:35:53 [main] INFO  o.a.c.c.C.[Tomcat].[localhost].[/] - Initializing Spring embedded WebApplicationContext
2024-06-08 09:35:53 [main] INFO  o.s.b.w.s.c.ServletWebServerApplicationContext - Root WebApplicationContext: initialization completed in 2398 ms
2024-06-08 09:35:54 [main] WARN  o.s.b.a.s.s.UserDetailsServiceAutoConfiguration - 

Using generated security password: 302b5ca4-35c6-46fe-8388-731e835a8620

This generated password is for development use only. Your security configuration must be updated before running your application in production.

2024-06-08 09:35:54 [main] INFO  o.s.s.c.a.a.c.InitializeUserDetailsBeanManagerConfigurer$InitializeUserDetailsManagerConfigurer - Global AuthenticationManager configured with UserDetailsService bean with name inMemoryUserDetailsManager
2024-06-08 09:35:55 [main] INFO  o.s.s.web.DefaultSecurityFilterChain - Will secure any request with [org.springframework.security.web.session.DisableEncodeUrlFilter@1f884bd6, org.springframework.security.web.context.request.async.WebAsyncManagerIntegrationFilter@4f081b5d, org.springframework.security.web.context.SecurityContextHolderFilter@1ad9b8d3, org.springframework.security.web.header.HeaderWriterFilter@45292ec1, org.springframework.web.filter.CorsFilter@474749b8, org.springframework.security.web.authentication.logout.LogoutFilter@3f9b7fe1, org.springframework.security.web.savedrequest.RequestCacheAwareFilter@4f93bf0a, org.springframework.security.web.servletapi.SecurityContextHolderAwareRequestFilter@7f3ca64a, org.springframework.security.web.authentication.AnonymousAuthenticationFilter@740a0d5e, org.springframework.security.web.access.ExceptionTranslationFilter@13803a94, org.springframework.security.web.access.intercept.FilterSecurityInterceptor@23444a36]
2024-06-08 09:35:55 [main] INFO  o.s.b.w.e.tomcat.TomcatWebServer - Tomcat started on port 8086 (http) with context path '/'
2024-06-08 09:35:55 [main] INFO  o.s.a.r.c.CachingConnectionFactory - Attempting to connect to: [localhost:5672]
2024-06-08 09:35:55 [main] INFO  o.s.a.r.c.CachingConnectionFactory - Created new connection: rabbitConnectionFactory#74606204:0/SimpleConnection@28daf506 [delegate=amqp://guest@127.0.0.1:5672/, localPort=62111]
2024-06-08 09:35:55 [main] INFO  o.s.amqp.rabbit.core.RabbitAdmin - Auto-declaring a non-durable, auto-delete, or exclusive Queue (chat-queue) durable:false, auto-delete:false, exclusive:false. It will be redeclared if the broker stops and is restarted while the connection factory is alive, but all messages will be lost.
2024-06-08 09:35:55 [main] INFO  c.e.c.ChatSystemBiciApplication - Started ChatSystemBiciApplication in 5.376 seconds (process running for 6.74)
